  Apple.cpp
D:\Programare\Snake\Snake\Apple.cpp(30,68): warning C4244: 'argument': conversion from 'int' to 'float', possible loss of data
D:\Programare\Snake\Snake\Apple.cpp(30,46): warning C4244: 'argument': conversion from 'int' to 'float', possible loss of data
  Game.cpp
D:\Programare\Snake\Snake\Game.cpp(19,30): warning C4244: 'argument': conversion from 'float' to 'int', possible loss of data
D:\Programare\Snake\Snake\Game.cpp(112,12): warning C4101: 'j': unreferenced local variable
D:\Programare\Snake\Snake\Game.cpp(112,9): warning C4101: 'i': unreferenced local variable
  Snake.cpp
D:\Programare\Snake\Snake\Snake.cpp(34,65): warning C4244: 'argument': conversion from 'int' to 'float', possible loss of data
D:\Programare\Snake\Snake\Snake.cpp(34,46): warning C4244: 'argument': conversion from 'int' to 'float', possible loss of data
D:\Programare\Snake\Snake\Snake.cpp(37,69): warning C4244: 'argument': conversion from 'int' to 'float', possible loss of data
D:\Programare\Snake\Snake\Snake.cpp(37,50): warning C4244: 'argument': conversion from 'int' to 'float', possible loss of data
D:\Programare\Snake\Snake\Snake.cpp(60,73): warning C4244: 'argument': conversion from 'int' to 'float', possible loss of data
D:\Programare\Snake\Snake\Snake.cpp(60,54): warning C4244: 'argument': conversion from 'int' to 'float', possible loss of data
D:\Programare\Snake\Snake\Snake.cpp(69,73): warning C4244: 'argument': conversion from 'int' to 'float', possible loss of data
D:\Programare\Snake\Snake\Snake.cpp(69,54): warning C4244: 'argument': conversion from 'int' to 'float', possible loss of data
D:\Programare\Snake\Snake\Snake.cpp(78,73): warning C4244: 'argument': conversion from 'int' to 'float', possible loss of data
D:\Programare\Snake\Snake\Snake.cpp(78,54): warning C4244: 'argument': conversion from 'int' to 'float', possible loss of data
D:\Programare\Snake\Snake\Snake.cpp(87,73): warning C4244: 'argument': conversion from 'int' to 'float', possible loss of data
D:\Programare\Snake\Snake\Snake.cpp(87,54): warning C4244: 'argument': conversion from 'int' to 'float', possible loss of data
  Source.cpp
  Generating code
  105 of 110 functions (95.5%) were compiled, the rest were copied from previous compilation.
    29 functions were new in current compilation
    1 functions had inline decision re-evaluated but remain unchanged
  Finished generating code
  Snake.vcxproj -> D:\Programare\Snake\Snake\x64\Release\Snake.exe
