  Apple.cpp
D:\Programare\Snake\Snake\Apple.cpp(35,68): warning C4244: 'argument': conversion from 'int' to 'float', possible loss of data
D:\Programare\Snake\Snake\Apple.cpp(35,46): warning C4244: 'argument': conversion from 'int' to 'float', possible loss of data
  Game.cpp
D:\Programare\Snake\Snake\Game.cpp(19,30): warning C4244: 'argument': conversion from 'float' to 'int', possible loss of data
D:\Programare\Snake\Snake\Game.cpp(123,12): warning C4101: 'j': unreferenced local variable
D:\Programare\Snake\Snake\Game.cpp(123,9): warning C4101: 'i': unreferenced local variable
  Snake.cpp
D:\Programare\Snake\Snake\Snake.cpp(49,65): warning C4244: 'argument': conversion from 'int' to 'float', possible loss of data
D:\Programare\Snake\Snake\Snake.cpp(49,46): warning C4244: 'argument': conversion from 'int' to 'float', possible loss of data
D:\Programare\Snake\Snake\Snake.cpp(52,69): warning C4244: 'argument': conversion from 'int' to 'float', possible loss of data
D:\Programare\Snake\Snake\Snake.cpp(52,50): warning C4244: 'argument': conversion from 'int' to 'float', possible loss of data
D:\Programare\Snake\Snake\Snake.cpp(75,73): warning C4244: 'argument': conversion from 'int' to 'float', possible loss of data
D:\Programare\Snake\Snake\Snake.cpp(75,54): warning C4244: 'argument': conversion from 'int' to 'float', possible loss of data
D:\Programare\Snake\Snake\Snake.cpp(84,73): warning C4244: 'argument': conversion from 'int' to 'float', possible loss of data
D:\Programare\Snake\Snake\Snake.cpp(84,54): warning C4244: 'argument': conversion from 'int' to 'float', possible loss of data
D:\Programare\Snake\Snake\Snake.cpp(93,73): warning C4244: 'argument': conversion from 'int' to 'float', possible loss of data
D:\Programare\Snake\Snake\Snake.cpp(93,54): warning C4244: 'argument': conversion from 'int' to 'float', possible loss of data
D:\Programare\Snake\Snake\Snake.cpp(102,73): warning C4244: 'argument': conversion from 'int' to 'float', possible loss of data
D:\Programare\Snake\Snake\Snake.cpp(102,54): warning C4244: 'argument': conversion from 'int' to 'float', possible loss of data
  Source.cpp
  Generating Code...
  Snake.vcxproj -> D:\Programare\Snake\Snake\x64\Debug\Snake.exe
